1492830497150	geckodriver	INFO	Listening on 127.0.0.1:49643
1492830499179	mozprofile::profile	INFO	Using profile path C:\Users\ncatr\AppData\Local\Temp\rust_mozprofile.T9nmpvSa5om4
1492830499188	geckodriver::marionette	INFO	Starting browser C:\Program Files (x86)\Mozilla Firefox\firefox.exe with args []
1492830499197	geckodriver::marionette	INFO	Connecting to Marionette on localhost:49649
1492830500014	Marionette	INFO	Listening on port 49649
1492830500368	Marionette	WARN	TLS certificate errors will be ignored for this session
*************************
A coding exception was thrown and uncaught in a Task.

Full message: TypeError: NetworkError when attempting to fetch resource.
Full stack: 
*************************
/glue/MessageChannel.cpp, line 2143
43

 actor we didn't know about: server1.conn0.child1/domnode570
console.error: 
  Got an addition of an actor we didn't know about: server1.conn0.child1/domnode643
console.error: 
  Got a removal of an actor we didn't know about: server1.conn0.child1/domnode504
console.error: 
  Got an addition of an actor we didn't know about: server1.conn0.child1/domnode644
